\BOOKMARK [0][-]{chapter*.2}{Danh s\341ch h\354nh ve}{}% 1
\BOOKMARK [0][-]{chapter*.3}{Danh s\341ch bang}{}% 2
\BOOKMARK [0][-]{chapter*.4}{M u}{}% 3
\BOOKMARK [0][-]{chapter.1}{Chng \040GII THIU V MANG X\303 HI V\300 T\301C HAI CUA TH\324NG TIN SAI LCH }{}% 4
\BOOKMARK [1][-]{section.1.1}{Gii thiu chung v mang x\343 hi}{chapter.1}% 5
\BOOKMARK [2][-]{subsection.1.1.1}{\320c im cua x\343 h\364i}{section.1.1}% 6
\BOOKMARK [2][-]{subsection.1.1.2}{Li \355ch cua mang x\343 hi}{section.1.1}% 7
\BOOKMARK [1][-]{section.1.2}{S l\342y lan v\340 t\341c hai cua th\364ng tin sai lch tr\352n mang x\343 hi}{chapter.1}% 8
\BOOKMARK [2][-]{subsection.1.2.1}{\320inh ngh\232a th\364ng tin sai lch v\340 t\355nh chn}{section.1.2}% 9
\BOOKMARK [2][-]{subsection.1.2.2}{Thc trang s ph\341t t\341n cua th\364ng tin sai lch tr\352n mang x\343 hi }{section.1.2}% 10
\BOOKMARK [2][-]{subsubsection.1.2.2.2}{Kt lun chng}{section.1.2}% 11
\BOOKMARK [0][-]{chapter.2}{Chng \040C CH LAN TRUYN TH\324NG TIN SAI LCH}{}% 12
\BOOKMARK [1][-]{section.2.1}{M\364 h\354nh lan truyn th\364ng tin}{chapter.2}% 13
\BOOKMARK [2][-]{subsection.2.1.1}{M\364 h\354nh tng c lp}{section.2.1}% 14
\BOOKMARK [2][-]{subsection.2.1.2}{M\364 h\354nh ngng tuyn t\355nh}{section.2.1}% 15
\BOOKMARK [1][-]{section.2.2}{Mt s hng nghi\352n cu li\352n quan b\340i to\341n han ch lan truyn th\364ng tin sai lch tr\352n mang x\343 hi}{chapter.2}% 16
\BOOKMARK [0][-]{chapter.3}{Chng \040HOC THUT}{}% 17
\BOOKMARK [1][-]{section.3.1}{Kich ban Limiting the spread of epidemics within time constraint on online social network \(Han ch s lan truyn cua th\364ng tin sai lch trong thi gian gii han tr\352n mt mang x\343 hi\)}{chapter.3}% 18
\BOOKMARK [1][-]{section.3.2}{Kich ban Targeted Misinformation Blocking \(X\341c inh v\340 ngan chn th\364ng tin sai lch\)}{chapter.3}% 19
\BOOKMARK [0][-]{chapter.4}{Chng \040 \301p dung c\341c giai ph\341p \040xut tr\352n d liu thc}{}% 20
\BOOKMARK [1][-]{section.4.1}{Tng th v giai ph\341p}{chapter.4}% 21
\BOOKMARK [2][-]{subsection.4.1.1}{C\364ng cu kim th Selenium}{section.4.1}% 22
\BOOKMARK [2][-]{subsection.4.1.2}{K\232 thut ly d liu tr\352n MXH}{section.4.1}% 23
\BOOKMARK [1][-]{section.4.2}{Giai ph\341p Limiting the spread of epidemics within time constraint on online social network}{chapter.4}% 24
\BOOKMARK [2][-]{subsection.4.2.1}{D liu c\363 sn}{section.4.2}% 25
\BOOKMARK [1][-]{section.4.3}{Giai ph\341p Targeted Misinformation Blocking \(X\341c inh v\340 ngan chn th\364ng tin sai lch tr\352n mang x\343 hi\)}{chapter.4}% 26
\BOOKMARK [2][-]{subsection.4.3.1}{D liu c\363 sn}{section.4.3}% 27
\BOOKMARK [0][-]{chapter*.29}{T\340i liu tham khao}{}% 28
